This file contains any messages produced by compilers while
running configure, to aid debugging if configure makes a mistake.

It was created by FreeType configure 2.12.1, which was
generated by GNU Autoconf 2.71.  Invocation command line was

  $ ./configure

## --------- ##
## Platform. ##
## --------- ##

hostname = Jeeli-PC-Rig
uname -m = x86_64
uname -r = 5.4.0-125-generic
uname -s = Linux
uname -v = #141-Ubuntu SMP Wed Aug 10 13:42:03 UTC 2022

/usr/bin/uname -p = x86_64
/bin/uname -X     = unknown

/bin/arch              = x86_64
/usr/bin/arch -k       = unknown
/usr/convex/getsysinfo = unknown
/usr/bin/hostinfo      = unknown
/bin/machine           = unknown
/usr/bin/oslevel       = unknown
/bin/universe          = unknown

PATH: /home/elijah/.local/bin/
PATH: /usr/local/sbin/
PATH: /usr/local/bin/
PATH: /usr/sbin/
PATH: /usr/bin/
PATH: /sbin/
PATH: /bin/
PATH: /usr/games/
PATH: /usr/local/games/
PATH: /snap/bin/


## ----------- ##
## Core tests. ##
## ----------- ##

configure:2576: looking for aux files: install-sh ltmain.sh config.guess config.sub
configure:2589:  trying ./
configure:2600:   ./install-sh found
configure:2618:   ./ltmain.sh found
configure:2618:   ./config.guess found
configure:2618:   ./config.sub found
configure:2749: checking build system type
configure:2764: result: x86_64-pc-linux-gnu
configure:2784: checking host system type
configure:2798: result: x86_64-pc-linux-gnu
configure:2884: checking for gcc
configure:2905: found /usr/bin/gcc
configure:2916: result: gcc
configure:3269: checking for C compiler version
configure:3278: gcc --version >&5
gcc (Ubuntu 9.4.0-1ubuntu1~20.04.1) 9.4.0
Copyright (C) 2019 Free Software Foundation, Inc.
This is free software; see the source for copying conditions.  There is NO
warranty; not even for MERCHANTABILITY or FITNESS FOR A PARTICULAR PURPOSE.

configure:3289: $? = 0
configure:3278: gcc -v >&5
Using built-in specs.
COLLECT_GCC=gcc
COLLECT_LTO_WRAPPER=/usr/lib/gcc/x86_64-linux-gnu/9/lto-wrapper
OFFLOAD_TARGET_NAMES=nvptx-none:hsa
OFFLOAD_TARGET_DEFAULT=1
Target: x86_64-linux-gnu
Configured with: ../src/configure -v --with-pkgversion='Ubuntu 9.4.0-1ubuntu1~20.04.1' --with-bugurl=file:///usr/share/doc/gcc-9/README.Bugs --enable-languages=c,ada,c++,go,brig,d,fortran,objc,obj-c++,gm2 --prefix=/usr --with-gcc-major-version-only --program-suffix=-9 --program-prefix=x86_64-linux-gnu- --enable-shared --enable-linker-build-id --libexecdir=/usr/lib --without-included-gettext --enable-threads=posix --libdir=/usr/lib --enable-nls --enable-clocale=gnu --enable-libstdcxx-debug --enable-libstdcxx-time=yes --with-default-libstdcxx-abi=new --enable-gnu-unique-object --disable-vtable-verify --enable-plugin --enable-default-pie --with-system-zlib --with-target-system-zlib=auto --enable-objc-gc=auto --enable-multiarch --disable-werror --with-arch-32=i686 --with-abi=m64 --with-multilib-list=m32,m64,mx32 --enable-multilib --with-tune=generic --enable-offload-targets=nvptx-none=/build/gcc-9-Av3uEd/gcc-9-9.4.0/debian/tmp-nvptx/usr,hsa --without-cuda-driver --enable-checking=release --build=x86_64-linux-gnu --host=x86_64-linux-gnu --target=x86_64-linux-gnu
Thread model: posix
gcc version 9.4.0 (Ubuntu 9.4.0-1ubuntu1~20.04.1) 
configure:3289: $? = 0
configure:3278: gcc -V >&5
gcc: error: unrecognized command line option '-V'
gcc: fatal error: no input files
compilation terminated.
configure:3289: $? = 1
configure:3278: gcc -qversion >&5
gcc: error: unrecognized command line option '-qversion'; did you mean '--version'?
gcc: fatal error: no input files
compilation terminated.
configure:3289: $? = 1
configure:3278: gcc -version >&5
gcc: error: unrecognized command line option '-version'
gcc: fatal error: no input files
compilation terminated.
configure:3289: $? = 1
configure:3309: checking whether the C compiler works
configure:3331: gcc    conftest.c  >&5
configure:3335: $? = 0
configure:3385: result: yes
configure:3388: checking for C compiler default output file name
configure:3390: result: a.out
configure:3396: checking for suffix of executables
configure:3403: gcc -o conftest    conftest.c  >&5
configure:3407: $? = 0
configure:3430: result: 
configure:3452: checking whether we are cross compiling
configure:3460: gcc -o conftest    conftest.c  >&5
configure:3464: $? = 0
configure:3471: ./conftest
configure:3475: $? = 0
configure:3463: result: no
configure:3468: checking for suffix of object files
configure:3491: gcc -c   conftest.c >&5
configure:3495: $? = 0
configure:3517: result: o
configure:3521: checking whether the compiler supports GNU C
configure:3541: gcc -c   conftest.c >&5
configure:3541: $? = 0
configure:3551: result: yes
configure:3562: checking whether gcc accepts -g
configure:3583: gcc -c -g  conftest.c >&5
configure:3583: $? = 0
configure:3627: result: yes
configure:3647: checking for gcc option to enable C11 features
configure:3662: gcc  -c -g -O2  conftest.c >&5
configure:3662: $? = 0
configure:3680: result: none needed
configure:3795: checking how to run the C preprocessor
configure:3821: gcc -E  conftest.c
configure:3821: $? = 0
configure:3836: gcc -E  conftest.c
conftest.c:9:10: fatal error: ac_nonexistent.h: No such file or directory
    9 | #include <ac_nonexistent.h>
      |          ^~~~~~~~~~~~~~~~~~
compilation terminated.
configure:3836: $? = 1
configure: failed program was:
| /* confdefs.h */
| #define PACKAGE_NAME "FreeType"
| #define PACKAGE_TARNAME "freetype"
| #define PACKAGE_VERSION "2.12.1"
| #define PACKAGE_STRING "FreeType 2.12.1"
| #define PACKAGE_BUGREPORT "freetype@nongnu.org"
| #define PACKAGE_URL ""
| /* end confdefs.h.  */
| #include <ac_nonexistent.h>
configure:3863: result: gcc -E
configure:3877: gcc -E  conftest.c
configure:3877: $? = 0
configure:3892: gcc -E  conftest.c
conftest.c:9:10: fatal error: ac_nonexistent.h: No such file or directory
    9 | #include <ac_nonexistent.h>
      |          ^~~~~~~~~~~~~~~~~~
compilation terminated.
configure:3892: $? = 1
configure: failed program was:
| /* confdefs.h */
| #define PACKAGE_NAME "FreeType"
| #define PACKAGE_TARNAME "freetype"
| #define PACKAGE_VERSION "2.12.1"
| #define PACKAGE_STRING "FreeType 2.12.1"
| #define PACKAGE_BUGREPORT "freetype@nongnu.org"
| #define PACKAGE_URL ""
| /* end confdefs.h.  */
| #include <ac_nonexistent.h>
configure:3983: checking for pkg-config
configure:4006: found /usr/bin/pkg-config
configure:4018: result: /usr/bin/pkg-config
configure:4043: checking pkg-config is at least version 0.24
configure:4046: result: yes
configure:4103: checking how to print strings
configure:4130: result: printf
configure:4151: checking for a sed that does not truncate output
configure:4221: result: /usr/bin/sed
configure:4239: checking for grep that handles long lines and -e
configure:4303: result: /usr/bin/grep
configure:4308: checking for egrep
configure:4376: result: /usr/bin/grep -E
configure:4381: checking for fgrep
configure:4449: result: /usr/bin/grep -F
configure:4485: checking for ld used by gcc
configure:4553: result: /usr/bin/ld
configure:4560: checking if the linker (/usr/bin/ld) is GNU ld
configure:4576: result: yes
configure:4588: checking for BSD- or MS-compatible name lister (nm)
configure:4643: result: /usr/bin/nm -B
configure:4783: checking the name lister (/usr/bin/nm -B) interface
configure:4791: gcc -c -g -O2  conftest.c >&5
configure:4794: /usr/bin/nm -B "conftest.o"
configure:4797: output
0000000000000000 B some_variable
configure:4798: result: BSD nm
configure:4801: checking whether ln -s works
configure:4805: result: yes
configure:4813: checking the maximum length of command line arguments
configure:4945: result: 1572864
configure:4993: checking how to convert x86_64-pc-linux-gnu file names to x86_64-pc-linux-gnu format
configure:5034: result: func_convert_file_noop
configure:5041: checking how to convert x86_64-pc-linux-gnu file names to toolchain format
configure:5062: result: func_convert_file_noop
configure:5069: checking for /usr/bin/ld option to reload object files
configure:5077: result: -r
configure:5156: checking for file
configure:5177: found /usr/bin/file
configure:5188: result: file
configure:5264: checking for objdump
configure:5285: found /usr/bin/objdump
configure:5296: result: objdump
configure:5325: checking how to recognize dependent libraries
configure:5526: result: pass_all
configure:5616: checking for dlltool
configure:5651: result: no
configure:5678: checking how to associate runtime and link libraries
configure:5706: result: printf %s\n
configure:5772: checking for ar
configure:5793: found /usr/bin/ar
configure:5804: result: ar
configure:5857: checking for archiver @FILE support
configure:5875: gcc -c -g -O2  conftest.c >&5
configure:5875: $? = 0
configure:5879: ar cr libconftest.a @conftest.lst >&5
configure:5882: $? = 0
configure:5887: ar cr libconftest.a @conftest.lst >&5
ar: conftest.o: No such file or directory
configure:5890: $? = 1
configure:5889: result: @
configure:5952: checking for strip
configure:5973: found /usr/bin/strip
configure:5984: result: strip
configure:6061: checking for ranlib
configure:6082: found /usr/bin/ranlib
configure:6093: result: ranlib
configure:6170: checking for gawk
configure:6191: found /usr/bin/gawk
configure:6202: result: gawk
configure:6242: checking command to parse /usr/bin/nm -B output from gcc object
configure:6396: gcc -c -g -O2  conftest.c >&5
configure:6399: $? = 0
configure:6403: /usr/bin/nm -B conftest.o \| /usr/bin/sed -n -e 's/^.*[ ]\([ABCDGIRSTW][ABCDGIRSTW]*\)[ ][ ]*\([_A-Za-z][_A-Za-z0-9]*\)$/\1 \2 \2/p' | /usr/bin/sed '/ __gnu_lto/d' \> conftest.nm
configure:6406: $? = 0
configure:6472: gcc -o conftest -g -O2   conftest.c conftstm.o >&5
configure:6475: $? = 0
configure:6513: result: ok
configure:6560: checking for sysroot
configure:6591: result: no
configure:6598: checking for a working dd
configure:6642: result: /usr/bin/dd
configure:6646: checking how to truncate binary pipes
configure:6662: result: /usr/bin/dd bs=4096 count=1
configure:6799: gcc -c -g -O2  conftest.c >&5
configure:6802: $? = 0
configure:6999: checking for mt
configure:7020: found /usr/bin/mt
configure:7031: result: mt
configure:7054: checking if mt is a manifest tool
configure:7061: mt '-?'
configure:7069: result: no
configure:7794: checking for stdio.h
configure:7794: gcc -c -g -O2  conftest.c >&5
configure:7794: $? = 0
configure:7794: result: yes
configure:7794: checking for stdlib.h
configure:7794: gcc -c -g -O2  conftest.c >&5
configure:7794: $? = 0
configure:7794: result: yes
configure:7794: checking for string.h
configure:7794: gcc -c -g -O2  conftest.c >&5
configure:7794: $? = 0
configure:7794: result: yes
configure:7794: checking for inttypes.h
configure:7794: gcc -c -g -O2  conftest.c >&5
configure:7794: $? = 0
configure:7794: result: yes
configure:7794: checking for stdint.h
configure:7794: gcc -c -g -O2  conftest.c >&5
configure:7794: $? = 0
configure:7794: result: yes
configure:7794: checking for strings.h
configure:7794: gcc -c -g -O2  conftest.c >&5
configure:7794: $? = 0
configure:7794: result: yes
configure:7794: checking for sys/stat.h
configure:7794: gcc -c -g -O2  conftest.c >&5
configure:7794: $? = 0
configure:7794: result: yes
configure:7794: checking for sys/types.h
configure:7794: gcc -c -g -O2  conftest.c >&5
configure:7794: $? = 0
configure:7794: result: yes
configure:7794: checking for unistd.h
configure:7794: gcc -c -g -O2  conftest.c >&5
configure:7794: $? = 0
configure:7794: result: yes
configure:7794: checking for sys/param.h
configure:7794: gcc -c -g -O2  conftest.c >&5
configure:7794: $? = 0
configure:7794: result: yes
configure:7819: checking for dlfcn.h
configure:7819: gcc -c -g -O2  conftest.c >&5
configure:7819: $? = 0
configure:7819: result: yes
configure:8406: checking for objdir
configure:8422: result: .libs
configure:8682: checking if gcc supports -fno-rtti -fno-exceptions
configure:8701: gcc -c -g -O2  -fno-rtti -fno-exceptions conftest.c >&5
cc1: warning: command line option '-fno-rtti' is valid for C++/D/ObjC++ but not for C
configure:8705: $? = 0
configure:8718: result: no
configure:9076: checking for gcc option to produce PIC
configure:9084: result: -fPIC -DPIC
configure:9092: checking if gcc PIC flag -fPIC -DPIC works
configure:9111: gcc -c -g -O2  -fPIC -DPIC -DPIC conftest.c >&5
configure:9115: $? = 0
configure:9128: result: yes
configure:9157: checking if gcc static flag -static works
configure:9186: result: yes
configure:9201: checking if gcc supports -c -o file.o
configure:9223: gcc -c -g -O2  -o out/conftest2.o conftest.c >&5
configure:9227: $? = 0
configure:9249: result: yes
configure:9257: checking if gcc supports -c -o file.o
configure:9305: result: yes
configure:9338: checking whether the gcc linker (/usr/bin/ld -m elf_x86_64) supports shared libraries
configure:10606: result: yes
configure:10643: checking whether -lc should be explicitly linked in
configure:10652: gcc -c -g -O2  conftest.c >&5
configure:10655: $? = 0
configure:10670: gcc -shared  -fPIC -DPIC conftest.o  -v -Wl,-soname -Wl,conftest -o conftest 2\>\&1 \| /usr/bin/grep  -lc  \>/dev/null 2\>\&1
configure:10673: $? = 0
configure:10687: result: no
configure:10847: checking dynamic linker characteristics
configure:11429: gcc -o conftest -g -O2   -Wl,-rpath -Wl,/foo conftest.c  >&5
configure:11429: $? = 0
configure:11668: result: GNU/Linux ld.so
configure:11790: checking how to hardcode library paths into programs
configure:11815: result: immediate
configure:12367: checking whether stripping libraries is possible
configure:12376: result: yes
configure:12418: checking if libtool supports shared libraries
configure:12420: result: yes
configure:12423: checking whether to build shared libraries
configure:12448: result: yes
configure:12451: checking whether to build static libraries
configure:12455: result: yes
configure:9255: checking for windows.h
configure:9255: gcc -c -g -O2  conftest.c >&5
conftest.c:50:10: fatal error: windows.h: No such file or directory
   50 | #include <windows.h>
      |          ^~~~~~~~~~~
compilation terminated.
configure:9255: $? = 1
configure: failed program was:
| /* confdefs.h */
| #define PACKAGE_NAME "FreeType"
| #define PACKAGE_TARNAME "freetype"
| #define PACKAGE_VERSION "2.12.1"
| #define PACKAGE_STRING "FreeType 2.12.1"
| #define PACKAGE_BUGREPORT "freetype@nongnu.org"
| #define PACKAGE_URL ""
| #define HAVE_STDIO_H 1
| #define HAVE_STDLIB_H 1
| #define HAVE_STRING_H 1
| #define HAVE_INTTYPES_H 1
| #define HAVE_STDINT_H 1
| #define HAVE_STRINGS_H 1
| #define HAVE_SYS_STAT_H 1
| #define HAVE_SYS_TYPES_H 1
| #define HAVE_UNISTD_H 1
| #define HAVE_SYS_PARAM_H 1
| #define STDC_HEADERS 1
| #define HAVE_DLFCN_H 1
| #define LT_OBJDIR ".libs/"
| /* end confdefs.h.  */
| #include <stddef.h>
| #ifdef HAVE_STDIO_H
| # include <stdio.h>
| #endif
| #ifdef HAVE_STDLIB_H
| # include <stdlib.h>
| #endif
| #ifdef HAVE_STRING_H
| # include <string.h>
| #endif
| #ifdef HAVE_INTTYPES_H
| # include <inttypes.h>
| #endif
| #ifdef HAVE_STDINT_H
| # include <stdint.h>
| #endif
| #ifdef HAVE_STRINGS_H
| # include <strings.h>
| #endif
| #ifdef HAVE_SYS_TYPES_H
| # include <sys/types.h>
| #endif
| #ifdef HAVE_SYS_STAT_H
| # include <sys/stat.h>
| #endif
| #ifdef HAVE_UNISTD_H
| # include <unistd.h>
| #endif
| #include <windows.h>
configure:9255: result: no
configure:9634: checking for a BSD-compatible install
configure:9707: result: /usr/bin/install -c
configure:9727: checking for a race-free mkdir -p
configure:9771: result: /usr/bin/mkdir -p
configure:9785: checking for fcntl.h
configure:9785: gcc -c -g -O2  conftest.c >&5
configure:9785: $? = 0
configure:9785: result: yes
configure:9791: checking for unistd.h
configure:9791: result: yes
configure:9802: checking for an ANSI C-conforming const
configure:9869: gcc -c -g -O2  conftest.c >&5
configure:9869: $? = 0
configure:9877: result: yes
configure:9912: checking for special C compiler options needed for large files
configure:9960: result: no
configure:9966: checking for _FILE_OFFSET_BITS value needed for large files
configure:9992: gcc -c -g -O2  conftest.c >&5
configure:9992: $? = 0
configure:10026: result: no
configure:10137: checking for getpagesize
configure:10137: gcc -o conftest -g -O2   conftest.c  >&5
configure:10137: $? = 0
configure:10137: result: yes
configure:10148: checking for working mmap
configure:10300: gcc -o conftest -g -O2   conftest.c  >&5
configure:10300: $? = 0
configure:10300: ./conftest
configure:10300: $? = 0
configure:10311: result: yes
configure:10323: checking for gcc options needed to detect all undeclared functions
configure:10345: gcc -c -g -O2   conftest.c >&5
conftest.c: In function 'main':
conftest.c:30:8: error: 'strchr' undeclared (first use in this function)
   30 | (void) strchr;
      |        ^~~~~~
conftest.c:1:1: note: 'strchr' is defined in header '<string.h>'; did you forget to '#include <string.h>'?
    1 | /* confdefs.h */
conftest.c:30:8: note: each undeclared identifier is reported only once for each function it appears in
   30 | (void) strchr;
      |        ^~~~~~
configure:10345: $? = 1
configure: failed program was:
| /* confdefs.h */
| #define PACKAGE_NAME "FreeType"
| #define PACKAGE_TARNAME "freetype"
| #define PACKAGE_VERSION "2.12.1"
| #define PACKAGE_STRING "FreeType 2.12.1"
| #define PACKAGE_BUGREPORT "freetype@nongnu.org"
| #define PACKAGE_URL ""
| #define HAVE_STDIO_H 1
| #define HAVE_STDLIB_H 1
| #define HAVE_STRING_H 1
| #define HAVE_INTTYPES_H 1
| #define HAVE_STDINT_H 1
| #define HAVE_STRINGS_H 1
| #define HAVE_SYS_STAT_H 1
| #define HAVE_SYS_TYPES_H 1
| #define HAVE_UNISTD_H 1
| #define HAVE_SYS_PARAM_H 1
| #define STDC_HEADERS 1
| #define HAVE_DLFCN_H 1
| #define LT_OBJDIR ".libs/"
| #define HAVE_FCNTL_H 1
| #define HAVE_UNISTD_H 1
| #define HAVE_GETPAGESIZE 1
| #define HAVE_MMAP 1
| /* end confdefs.h.  */
| 
| int
| main (void)
| {
| (void) strchr;
|   ;
|   return 0;
| }
configure:10372: gcc -c -g -O2   conftest.c >&5
configure:10372: $? = 0
configure:10389: result: none needed
configure:10403: checking whether munmap is declared
configure:10403: gcc -c -g -O2   conftest.c >&5
configure:10403: $? = 0
configure:10403: result: yes
configure:10421: checking for munmap's first parameter type
configure:10435: gcc -c -g -O2  conftest.c >&5
configure:10435: $? = 0
configure:10437: result: void *
configure:10459: checking for memcpy
configure:10459: gcc -o conftest -g -O2   conftest.c  >&5
conftest.c:44:6: warning: conflicting types for built-in function 'memcpy'; expected 'void *(void *, const void *, long unsigned int)' [-Wbuiltin-declaration-mismatch]
   44 | char memcpy ();
      |      ^~~~~~
conftest.c:36:1: note: 'memcpy' is declared in header '<string.h>'
   35 | #include <limits.h>
   36 | #undef memcpy
configure:10459: $? = 0
configure:10459: result: yes
configure:10465: checking for memmove
configure:10465: gcc -o conftest -g -O2   conftest.c  >&5
conftest.c:45:6: warning: conflicting types for built-in function 'memmove'; expected 'void *(void *, const void *, long unsigned int)' [-Wbuiltin-declaration-mismatch]
   45 | char memmove ();
      |      ^~~~~~~
conftest.c:37:1: note: 'memmove' is declared in header '<string.h>'
   36 | #include <limits.h>
   37 | #undef memmove
configure:10465: $? = 0
configure:10465: result: yes
configure:10495: checking gcc compiler flag -pedantic to assure ANSI C99 works correctly
configure:10522: gcc -c -g -O2  -pedantic  conftest.c >&5
configure:10522: $? = 0
configure:10524: result: ok, adding to XX_ANSIFLAGS
configure:10495: checking gcc compiler flag -std=c99 to assure ANSI C99 works correctly
configure:10522: gcc -c -g -O2  -pedantic -std=c99  conftest.c >&5
configure:10522: $? = 0
configure:10524: result: ok, adding to XX_ANSIFLAGS
configure:10558: checking for -fvisibility=hidden compiler flag
configure:10573: gcc -o conftest -g -O2 -fvisibility=hidden   conftest.c  >&5
configure:10573: $? = 0
configure:10576: result: yes
configure:10651: $PKG_CONFIG --exists --print-errors "$zlib_pkg"
configure:10654: $? = 0
configure:10661: checking for ZLIB
configure:10668: $PKG_CONFIG --exists --print-errors "$zlib_pkg"
configure:10671: $? = 0
configure:10685: $PKG_CONFIG --exists --print-errors "$zlib_pkg"
configure:10688: $? = 0
configure:10726: result: yes
configure:10828: $PKG_CONFIG --exists --print-errors "$bzip2_pkg"
Package bzip2 was not found in the pkg-config search path.
Perhaps you should add the directory containing `bzip2.pc'
to the PKG_CONFIG_PATH environment variable
No package 'bzip2' found
configure:10831: $? = 1
configure:10838: checking for BZIP2
configure:10845: $PKG_CONFIG --exists --print-errors "$bzip2_pkg"
Package bzip2 was not found in the pkg-config search path.
Perhaps you should add the directory containing `bzip2.pc'
to the PKG_CONFIG_PATH environment variable
No package 'bzip2' found
configure:10848: $? = 1
configure:10862: $PKG_CONFIG --exists --print-errors "$bzip2_pkg"
Package bzip2 was not found in the pkg-config search path.
Perhaps you should add the directory containing `bzip2.pc'
to the PKG_CONFIG_PATH environment variable
No package 'bzip2' found
configure:10865: $? = 1
configure:10879: result: no
No package 'bzip2' found
configure:10923: checking for BZ2_bzDecompress in -lbz2
configure:10946: gcc -o conftest -g -O2 -fvisibility=hidden   conftest.c -lbz2   >&5
/usr/bin/ld: cannot find -lbz2
collect2: error: ld returned 1 exit status
configure:10946: $? = 1
configure: failed program was:
| /* confdefs.h */
| #define PACKAGE_NAME "FreeType"
| #define PACKAGE_TARNAME "freetype"
| #define PACKAGE_VERSION "2.12.1"
| #define PACKAGE_STRING "FreeType 2.12.1"
| #define PACKAGE_BUGREPORT "freetype@nongnu.org"
| #define PACKAGE_URL ""
| #define HAVE_STDIO_H 1
| #define HAVE_STDLIB_H 1
| #define HAVE_STRING_H 1
| #define HAVE_INTTYPES_H 1
| #define HAVE_STDINT_H 1
| #define HAVE_STRINGS_H 1
| #define HAVE_SYS_STAT_H 1
| #define HAVE_SYS_TYPES_H 1
| #define HAVE_UNISTD_H 1
| #define HAVE_SYS_PARAM_H 1
| #define STDC_HEADERS 1
| #define HAVE_DLFCN_H 1
| #define LT_OBJDIR ".libs/"
| #define HAVE_FCNTL_H 1
| #define HAVE_UNISTD_H 1
| #define HAVE_GETPAGESIZE 1
| #define HAVE_MMAP 1
| #define HAVE_DECL_MUNMAP 1
| #define MUNMAP_USES_VOIDP /**/
| #define HAVE_MEMCPY 1
| #define HAVE_MEMMOVE 1
| /* end confdefs.h.  */
| 
| /* Override any GCC internal prototype to avoid an error.
|    Use char because int might match the return type of a GCC
|    builtin and then its argument prototype would still apply.  */
| char BZ2_bzDecompress ();
| int
| main (void)
| {
| return BZ2_bzDecompress ();
|   ;
|   return 0;
| }
configure:10956: result: no
configure:10999: $PKG_CONFIG --exists --print-errors "$libpng_pkg"
configure:11002: $? = 0
configure:11009: checking for LIBPNG
configure:11016: $PKG_CONFIG --exists --print-errors "$libpng_pkg"
configure:11019: $? = 0
configure:11033: $PKG_CONFIG --exists --print-errors "$libpng_pkg"
configure:11036: $? = 0
configure:11074: result: yes
configure:11136: $PKG_CONFIG --exists --print-errors "$harfbuzz_pkg"
Package harfbuzz was not found in the pkg-config search path.
Perhaps you should add the directory containing `harfbuzz.pc'
to the PKG_CONFIG_PATH environment variable
No package 'harfbuzz' found
configure:11139: $? = 1
configure:11146: checking for HARFBUZZ
configure:11153: $PKG_CONFIG --exists --print-errors "$harfbuzz_pkg"
Package harfbuzz was not found in the pkg-config search path.
Perhaps you should add the directory containing `harfbuzz.pc'
to the PKG_CONFIG_PATH environment variable
No package 'harfbuzz' found
configure:11156: $? = 1
configure:11170: $PKG_CONFIG --exists --print-errors "$harfbuzz_pkg"
Package harfbuzz was not found in the pkg-config search path.
Perhaps you should add the directory containing `harfbuzz.pc'
to the PKG_CONFIG_PATH environment variable
No package 'harfbuzz' found
configure:11173: $? = 1
configure:11187: result: no
No package 'harfbuzz' found
configure:11261: $PKG_CONFIG --exists --print-errors "$brotli_pkg"
Package libbrotlidec was not found in the pkg-config search path.
Perhaps you should add the directory containing `libbrotlidec.pc'
to the PKG_CONFIG_PATH environment variable
No package 'libbrotlidec' found
configure:11264: $? = 1
configure:11271: checking for BROTLI
configure:11278: $PKG_CONFIG --exists --print-errors "$brotli_pkg"
Package libbrotlidec was not found in the pkg-config search path.
Perhaps you should add the directory containing `libbrotlidec.pc'
to the PKG_CONFIG_PATH environment variable
No package 'libbrotlidec' found
configure:11281: $? = 1
configure:11295: $PKG_CONFIG --exists --print-errors "$brotli_pkg"
Package libbrotlidec was not found in the pkg-config search path.
Perhaps you should add the directory containing `libbrotlidec.pc'
to the PKG_CONFIG_PATH environment variable
No package 'libbrotlidec' found
configure:11298: $? = 1
configure:11312: result: no
No package 'libbrotlidec' found
configure:11378: checking for library containing clock_gettime
configure:11408: gcc -o conftest -g -O2 -fvisibility=hidden   conftest.c  >&5
configure:11408: $? = 0
configure:11428: result: none required
configure:11457: checking for LIBRSVG
configure:11464: $PKG_CONFIG --exists --print-errors "librsvg-2.0 >= 2.46.0"
Package librsvg-2.0 was not found in the pkg-config search path.
Perhaps you should add the directory containing `librsvg-2.0.pc'
to the PKG_CONFIG_PATH environment variable
No package 'librsvg-2.0' found
configure:11467: $? = 1
configure:11481: $PKG_CONFIG --exists --print-errors "librsvg-2.0 >= 2.46.0"
Package librsvg-2.0 was not found in the pkg-config search path.
Perhaps you should add the directory containing `librsvg-2.0.pc'
to the PKG_CONFIG_PATH environment variable
No package 'librsvg-2.0' found
configure:11484: $? = 1
configure:11498: result: no
No package 'librsvg-2.0' found
configure:12134: checking target system type
configure:12148: result: x86_64-pc-linux-gnu
configure:12335: checking whether gcc is Clang
configure:12362: result: no
configure:12427: checking whether pthreads work with "-pthread" and "-lpthread"
configure:12538: gcc -o conftest -g -O2 -fvisibility=hidden -pthread   conftest.c -lpthread  >&5
configure:12538: $? = 0
configure:12548: result: yes
configure:12671: checking for joinable pthread attribute
configure:12690: gcc -o conftest -g -O2 -fvisibility=hidden -pthread   conftest.c -lpthread  >&5
configure:12690: $? = 0
configure:12699: result: PTHREAD_CREATE_JOINABLE
configure:12712: checking whether more special flags are required for pthreads
configure:12726: result: no
configure:12735: checking for PTHREAD_PRIO_INHERIT
configure:12753: gcc -o conftest -g -O2 -fvisibility=hidden -pthread   conftest.c -lpthread  >&5
configure:12753: $? = 0
configure:12763: result: yes
configure:12947: checking for python3
configure:12968: found /usr/bin/python3
configure:12979: result: python3
configure:13001: checking for python version
configure:13006: result: 3.8.10
configure:13066: checking for `docwriter' Python module
configure:13071: result: yes
configure:13338: creating ./config.status

## ---------------------- ##
## Running config.status. ##
## ---------------------- ##

This file was extended by FreeType config.status 2.12.1, which was
generated by GNU Autoconf 2.71.  Invocation command line was

  CONFIG_FILES    = 
  CONFIG_HEADERS  = 
  CONFIG_LINKS    = 
  CONFIG_COMMANDS = 
  $ ./config.status 

on Jeeli-PC-Rig

config.status:1145: creating ftoption.h
config.status:1145: creating unix-cc.mk
config.status:1145: creating unix-def.mk
config.status:1145: creating ftconfig.h
config.status:1326: ftconfig.h is unchanged
config.status:1340: executing libtool commands
configure:15581:

Library configuration:
  external zlib: yes (pkg-config)
  bzip2:         no
  libpng:        yes (pkg-config)
  harfbuzz:      no
  brotli:        no
  pthread:       yes


## ---------------- ##
## Cache variables. ##
## ---------------- ##

ac_cv_build=x86_64-pc-linux-gnu
ac_cv_c_compiler_gnu=yes
ac_cv_c_const=yes
ac_cv_c_undeclared_builtin_options='none needed'
ac_cv_env_BROTLI_CFLAGS_set=
ac_cv_env_BROTLI_CFLAGS_value=
ac_cv_env_BROTLI_LIBS_set=
ac_cv_env_BROTLI_LIBS_value=
ac_cv_env_BZIP2_CFLAGS_set=
ac_cv_env_BZIP2_CFLAGS_value=
ac_cv_env_BZIP2_LIBS_set=
ac_cv_env_BZIP2_LIBS_value=
ac_cv_env_CC_set=
ac_cv_env_CC_value=
ac_cv_env_CFLAGS_set=
ac_cv_env_CFLAGS_value=
ac_cv_env_CPPFLAGS_set=
ac_cv_env_CPPFLAGS_value=
ac_cv_env_CPP_set=
ac_cv_env_CPP_value=
ac_cv_env_HARFBUZZ_CFLAGS_set=
ac_cv_env_HARFBUZZ_CFLAGS_value=
ac_cv_env_HARFBUZZ_LIBS_set=
ac_cv_env_HARFBUZZ_LIBS_value=
ac_cv_env_LDFLAGS_set=
ac_cv_env_LDFLAGS_value=
ac_cv_env_LIBPNG_CFLAGS_set=
ac_cv_env_LIBPNG_CFLAGS_value=
ac_cv_env_LIBPNG_LIBS_set=
ac_cv_env_LIBPNG_LIBS_value=
ac_cv_env_LIBRSVG_CFLAGS_set=
ac_cv_env_LIBRSVG_CFLAGS_value=
ac_cv_env_LIBRSVG_LIBS_set=
ac_cv_env_LIBRSVG_LIBS_value=
ac_cv_env_LIBS_set=
ac_cv_env_LIBS_value=
ac_cv_env_LT_SYS_LIBRARY_PATH_set=
ac_cv_env_LT_SYS_LIBRARY_PATH_value=
ac_cv_env_PKG_CONFIG_LIBDIR_set=
ac_cv_env_PKG_CONFIG_LIBDIR_value=
ac_cv_env_PKG_CONFIG_PATH_set=
ac_cv_env_PKG_CONFIG_PATH_value=
ac_cv_env_PKG_CONFIG_set=
ac_cv_env_PKG_CONFIG_value=
ac_cv_env_ZLIB_CFLAGS_set=
ac_cv_env_ZLIB_CFLAGS_value=
ac_cv_env_ZLIB_LIBS_set=
ac_cv_env_ZLIB_LIBS_value=
ac_cv_env_build_alias_set=
ac_cv_env_build_alias_value=
ac_cv_env_host_alias_set=
ac_cv_env_host_alias_value=
ac_cv_env_target_alias_set=
ac_cv_env_target_alias_value=
ac_cv_func_getpagesize=yes
ac_cv_func_memcpy=yes
ac_cv_func_memmove=yes
ac_cv_func_mmap_fixed_mapped=yes
ac_cv_have_decl_munmap=yes
ac_cv_header_dlfcn_h=yes
ac_cv_header_fcntl_h=yes
ac_cv_header_inttypes_h=yes
ac_cv_header_stdint_h=yes
ac_cv_header_stdio_h=yes
ac_cv_header_stdlib_h=yes
ac_cv_header_string_h=yes
ac_cv_header_strings_h=yes
ac_cv_header_sys_param_h=yes
ac_cv_header_sys_stat_h=yes
ac_cv_header_sys_types_h=yes
ac_cv_header_unistd_h=yes
ac_cv_header_windows_h=no
ac_cv_host=x86_64-pc-linux-gnu
ac_cv_lib_bz2_BZ2_bzDecompress=no
ac_cv_objext=o
ac_cv_path_EGREP='/usr/bin/grep -E'
ac_cv_path_FGREP='/usr/bin/grep -F'
ac_cv_path_GREP=/usr/bin/grep
ac_cv_path_SED=/usr/bin/sed
ac_cv_path_ac_pt_PKG_CONFIG=/usr/bin/pkg-config
ac_cv_path_install='/usr/bin/install -c'
ac_cv_path_lt_DD=/usr/bin/dd
ac_cv_path_mkdir=/usr/bin/mkdir
ac_cv_prog_AWK=gawk
ac_cv_prog_CPP='gcc -E'
ac_cv_prog_PYTHON=python3
ac_cv_prog_ac_ct_AR=ar
ac_cv_prog_ac_ct_CC=gcc
ac_cv_prog_ac_ct_FILECMD=file
ac_cv_prog_ac_ct_MANIFEST_TOOL=mt
ac_cv_prog_ac_ct_OBJDUMP=objdump
ac_cv_prog_ac_ct_RANLIB=ranlib
ac_cv_prog_ac_ct_STRIP=strip
ac_cv_prog_cc_c11=
ac_cv_prog_cc_g=yes
ac_cv_prog_cc_stdc=
ac_cv_search_clock_gettime='none required'
ac_cv_sys_file_offset_bits=no
ac_cv_sys_largefile_CC=no
ac_cv_target=x86_64-pc-linux-gnu
ax_cv_PTHREAD_CLANG=no
ax_cv_PTHREAD_JOINABLE_ATTR=PTHREAD_CREATE_JOINABLE
ax_cv_PTHREAD_PRIO_INHERIT=yes
ax_cv_PTHREAD_SPECIAL_FLAGS=no
lt_cv_ar_at_file=@
lt_cv_archive_cmds_need_lc=no
lt_cv_deplibs_check_method=pass_all
lt_cv_file_magic_cmd='$MAGIC_CMD'
lt_cv_file_magic_test_file=
lt_cv_ld_reload_flag=-r
lt_cv_nm_interface='BSD nm'
lt_cv_objdir=.libs
lt_cv_path_LD=/usr/bin/ld
lt_cv_path_NM='/usr/bin/nm -B'
lt_cv_path_mainfest_tool=no
lt_cv_prog_compiler_c_o=yes
lt_cv_prog_compiler_pic='-fPIC -DPIC'
lt_cv_prog_compiler_pic_works=yes
lt_cv_prog_compiler_rtti_exceptions=no
lt_cv_prog_compiler_static_works=yes
lt_cv_prog_gnu_ld=yes
lt_cv_sharedlib_from_linklib_cmd='printf %s\n'
lt_cv_shlibpath_overrides_runpath=yes
lt_cv_sys_global_symbol_pipe='/usr/bin/sed -n -e '\''s/^.*[	 ]\([ABCDGIRSTW][ABCDGIRSTW]*\)[	 ][	 ]*\([_A-Za-z][_A-Za-z0-9]*\)$/\1 \2 \2/p'\'' | /usr/bin/sed '\''/ __gnu_lto/d'\'''
lt_cv_sys_global_symbol_to_c_name_address='/usr/bin/sed -n -e '\''s/^: \(.*\) .*$/  {"\1", (void *) 0},/p'\'' -e '\''s/^[ABCDGIRSTW][ABCDGIRSTW]* .* \(.*\)$/  {"\1", (void *) \&\1},/p'\'''
lt_cv_sys_global_symbol_to_c_name_address_lib_prefix='/usr/bin/sed -n -e '\''s/^: \(.*\) .*$/  {"\1", (void *) 0},/p'\'' -e '\''s/^[ABCDGIRSTW][ABCDGIRSTW]* .* \(lib.*\)$/  {"\1", (void *) \&\1},/p'\'' -e '\''s/^[ABCDGIRSTW][ABCDGIRSTW]* .* \(.*\)$/  {"lib\1", (void *) \&\1},/p'\'''
lt_cv_sys_global_symbol_to_cdecl='/usr/bin/sed -n -e '\''s/^T .* \(.*\)$/extern int \1();/p'\'' -e '\''s/^[ABCDGIRSTW][ABCDGIRSTW]* .* \(.*\)$/extern char \1;/p'\'''
lt_cv_sys_global_symbol_to_import=
lt_cv_sys_max_cmd_len=1572864
lt_cv_to_host_file_cmd=func_convert_file_noop
lt_cv_to_tool_file_cmd=func_convert_file_noop
lt_cv_truncate_bin='/usr/bin/dd bs=4096 count=1'
pkg_cv_LIBPNG_CFLAGS=-I/usr/include/libpng16
pkg_cv_LIBPNG_LIBS='-lpng16 -lz'
pkg_cv_ZLIB_CFLAGS=
pkg_cv_ZLIB_LIBS=-lz

## ----------------- ##
## Output variables. ##
## ----------------- ##

AR='ar'
AS='as'
AWK='gawk'
BROTLI_CFLAGS=''
BROTLI_LIBS=''
BZIP2_CFLAGS=''
BZIP2_LIBS=''
CC='gcc'
CC_BUILD='gcc'
CFLAGS='-g -O2 -fvisibility=hidden  -I/usr/include/libpng16 -pthread'
CPP='gcc -E'
CPPFLAGS=''
DEFS='-DHAVE_CONFIG_H'
DLLTOOL='false'
DSYMUTIL=''
DUMPBIN=''
ECHO_C=''
ECHO_N='-n'
ECHO_T=''
EGREP='/usr/bin/grep -E'
EXEEXT=''
EXEEXT_BUILD=''
FGREP='/usr/bin/grep -F'
FILECMD='file'
FTSYS_SRC='$(PLATFORM_DIR)/ftsystem.c'
FT_DEMO_CFLAGS=''
FT_DEMO_LDFLAGS=''
GREP='/usr/bin/grep'
HARFBUZZ_CFLAGS=''
HARFBUZZ_LIBS=''
INSTALL_DATA='${INSTALL} -m 644'
INSTALL_FT2_CONFIG='FALSE'
INSTALL_PROGRAM='${INSTALL}'
INSTALL_SCRIPT='${INSTALL}'
LD='/usr/bin/ld -m elf_x86_64'
LDFLAGS=' -lz -lpng16 -lz -pthread -lpthread'
LIBOBJS=''
LIBPNG_CFLAGS='-I/usr/include/libpng16'
LIBPNG_LIBS='-lpng16 -lz'
LIBRSVG_CFLAGS=''
LIBRSVG_LIBS=''
LIBS=''
LIBSSTATIC_CONFIG='-lfreetype -lz -lpng16 -lm -lz -lm -lz'
LIBTOOL='$(SHELL) $(top_builddir)/libtool'
LIPO=''
LN_S='ln -s'
LTLIBOBJS=''
LT_SYS_LIBRARY_PATH=''
MANIFEST_TOOL=':'
MKDIR_P='/usr/bin/mkdir -p'
NM='/usr/bin/nm -B'
NMEDIT=''
OBJDUMP='objdump'
OBJEXT='o'
OTOOL64=''
OTOOL=''
PACKAGE_BUGREPORT='freetype@nongnu.org'
PACKAGE_NAME='FreeType'
PACKAGE_STRING='FreeType 2.12.1'
PACKAGE_TARNAME='freetype'
PACKAGE_URL=''
PACKAGE_VERSION='2.12.1'
PATH_SEPARATOR=':'
PKGCONFIG_LIBS='-L${libdir} -lfreetype'
PKGCONFIG_LIBS_PRIVATE=''
PKGCONFIG_REQUIRES=''
PKGCONFIG_REQUIRES_PRIVATE='zlib, libpng'
PKG_CONFIG='/usr/bin/pkg-config'
PKG_CONFIG_LIBDIR=''
PKG_CONFIG_PATH=''
PTHREAD_CC='gcc'
PTHREAD_CFLAGS='-pthread'
PTHREAD_CXX=''
PTHREAD_LIBS='-lpthread'
PYTHON='python3'
PYTHON_VERSION='3.8.10'
RANLIB='ranlib'
RC=''
SED='/usr/bin/sed'
SHELL='/bin/bash'
STRIP='strip'
SYSTEM_ZLIB='yes'
XX_ANSIFLAGS=' -pedantic -std=c99'
XX_CFLAGS='-Wall'
ZLIB_CFLAGS=''
ZLIB_LIBS='-lz'
ac_ct_AR='ar'
ac_ct_CC='gcc'
ac_ct_DUMPBIN=''
ax_pthread_config=''
bindir='${exec_prefix}/bin'
build='x86_64-pc-linux-gnu'
build_alias=''
build_cpu='x86_64'
build_libtool_libs=''
build_os='linux-gnu'
build_vendor='pc'
datadir='${datarootdir}'
datarootdir='${prefix}/share'
docdir='${datarootdir}/doc/${PACKAGE_TARNAME}'
dvidir='${docdir}'
exec_prefix='${prefix}'
ft_version='24.3.18'
ftmac_c=''
hardcode_libdir_flag_spec='$wl-rpath $wl$libdir'
host='x86_64-pc-linux-gnu'
host_alias=''
host_cpu='x86_64'
host_os='linux-gnu'
host_vendor='pc'
htmldir='${docdir}'
includedir='${prefix}/include'
infodir='${datarootdir}/info'
libdir='${exec_prefix}/lib'
libexecdir='${exec_prefix}/libexec'
localedir='${datarootdir}/locale'
localstatedir='${prefix}/var'
mandir='${datarootdir}/man'
oldincludedir='/usr/include'
pdfdir='${docdir}'
prefix='/usr/local'
program_transform_name='s,x,x,'
psdir='${docdir}'
runstatedir='${localstatedir}/run'
sbindir='${exec_prefix}/sbin'
sharedstatedir='${prefix}/com'
sysconfdir='${prefix}/etc'
target='x86_64-pc-linux-gnu'
target_alias=''
target_cpu='x86_64'
target_os='linux-gnu'
target_vendor='pc'
version_info='24:3:18'
wl='-Wl,'

## ----------- ##
## confdefs.h. ##
## ----------- ##

/* confdefs.h */
#define PACKAGE_NAME "FreeType"
#define PACKAGE_TARNAME "freetype"
#define PACKAGE_VERSION "2.12.1"
#define PACKAGE_STRING "FreeType 2.12.1"
#define PACKAGE_BUGREPORT "freetype@nongnu.org"
#define PACKAGE_URL ""
#define HAVE_STDIO_H 1
#define HAVE_STDLIB_H 1
#define HAVE_STRING_H 1
#define HAVE_INTTYPES_H 1
#define HAVE_STDINT_H 1
#define HAVE_STRINGS_H 1
#define HAVE_SYS_STAT_H 1
#define HAVE_SYS_TYPES_H 1
#define HAVE_UNISTD_H 1
#define HAVE_SYS_PARAM_H 1
#define STDC_HEADERS 1
#define HAVE_DLFCN_H 1
#define LT_OBJDIR ".libs/"
#define HAVE_FCNTL_H 1
#define HAVE_UNISTD_H 1
#define HAVE_GETPAGESIZE 1
#define HAVE_MMAP 1
#define HAVE_DECL_MUNMAP 1
#define MUNMAP_USES_VOIDP /**/
#define HAVE_MEMCPY 1
#define HAVE_MEMMOVE 1
#define HAVE_PTHREAD_PRIO_INHERIT 1

configure: exit 0
